<?xml version="1.0" encoding="UTF-8"?>
<!-- Generated by org.testng.reporters.JUnitReportReporter -->
<testsuite hostname="LAPTOP-F6P2CAR7" failures="0" tests="3" name="com.crm.qa.testcases.LoginPageTest" time="98.589" errors="0" timestamp="26 Feb 2018 09:05:17 GMT" skipped="0">
  <testcase classname="com.crm.qa.testcases.LoginPageTest" name="loginpagetitleTest" time="33.418"/>
  <testcase classname="com.crm.qa.testcases.LoginPageTest" name="crmlogoimageTest" time="26.335"/>
  <testcase classname="com.crm.qa.testcases.LoginPageTest" name="loginTest" time="38.836"/>
</testsuite> <!-- com.crm.qa.testcases.LoginPageTest -->
